<?xml version="1.0" encoding="UTF-8"?>
<!-- Generated by org.testng.reporters.JUnitReportReporter -->
<testsuite hostname="LAPTOP-A6MUPKU0" failures="0" tests="2" name="rahulshettyacademy.tests.ErrorValidations" time="9.223" errors="0" timestamp="2024-03-04T16:04:23 AST" skipped="0">
  <testcase classname="rahulshettyacademy.tests.ErrorValidations" name="ProductErrorValidation" time="4.355"/>
  <system-out/>
  <testcase classname="rahulshettyacademy.tests.ErrorValidations" name="loginErrorValidation" time="4.868"/>
  <system-out/>
</testsuite> <!-- rahulshettyacademy.tests.ErrorValidations -->
